Arguments: 
  /Users/max/.nvm/versions/node/v16.9.0/bin/node /usr/local/Cellar/yarn/1.22.10/libexec/bin/yarn.js add esbuildd

PATH: 
  /Users/max/.rvm/gems/ruby-2.6.0/bin:/Users/max/.rvm/gems/ruby-2.6.0@global/bin:/Users/max/.rvm/rubies/ruby-2.6.0/bin:/usr/local/opt/arm-gcc-bin@8/bin:/Users/max/.rbenv/shims:/Users/max/.yarn/bin:/Users/max/.config/yarn/global/node_modules/.bin:/usr/local/opt/qt/bin:/Users/max/.nvm/versions/node/v16.9.0/bin:/Users/max/bin:/usr/local/bin:/usr/local/bin:/usr/bin:/bin:/usr/sbin:/sbin:/usr/local/go/bin:/opt/X11/bin:/Library/Apple/usr/bin:/Applications/Postgres.app/Contents/Versions/latest/bin:/Users/max/flutter/bin:/Users/max/.rvm/bin

Yarn version: 
  1.22.10

Node version: 
  16.9.0

Platform: 
  darwin x64

Trace: 
  Error: https://registry.yarnpkg.com/esbuildd: Not found
      at Request.params.callback [as _callback] (/usr/local/Cellar/yarn/1.22.10/libexec/lib/cli.js:66988:18)
      at Request.self.callback (/usr/local/Cellar/yarn/1.22.10/libexec/lib/cli.js:140749:22)
      at Request.emit (node:events:394:28)
      at Request.<anonymous> (/usr/local/Cellar/yarn/1.22.10/libexec/lib/cli.js:141721:10)
      at Request.emit (node:events:394:28)
      at IncomingMessage.<anonymous> (/usr/local/Cellar/yarn/1.22.10/libexec/lib/cli.js:141643:12)
      at Object.onceWrapper (node:events:513:28)
      at IncomingMessage.emit (node:events:406:35)
      at endReadableNT (node:internal/streams/readable:1343:12)
      at processTicksAndRejections (node:internal/process/task_queues:83:21)

npm manifest: 
  No manifest

yarn manifest: 
  No manifest

Lockfile: 
  No lockfile
